<?xml version="1.0" encoding="UTF-8"?>
<!-- Generated by org.testng.reporters.JUnitXMLReporter -->
<testsuite ignored="18" hostname="pixbit" failures="0" tests="1" name="Test" time="11.996" errors="0" timestamp="2023-07-10T15:34:08 IST">
  <testcase classname="mortgagejournytestfiles.AvailMortgage" name="existing_mortgage_journy_case_3" time="7.537"/>
  <testcase classname="mortgagejournytestfiles.AvailMortgage" name="new_property_purchase_journy_case_11" time="0.0">
    <ignored/>
  </testcase> <!-- new_property_purchase_journy_case_11 -->
  <testcase classname="mortgagejournytestfiles.AvailMortgage" name="new_property_purchase_case_1" time="0.0">
    <ignored/>
  </testcase> <!-- new_property_purchase_case_1 -->
  <testcase classname="mortgagejournytestfiles.AvailMortgage" name="new_property_purchase_journy_case_14" time="0.0">
    <ignored/>
  </testcase> <!-- new_property_purchase_journy_case_14 -->
  <testcase classname="mortgagejournytestfiles.AvailMortgage" name="new_property_purchase_journy_case_13" time="0.0">
    <ignored/>
  </testcase> <!-- new_property_purchase_journy_case_13 -->
  <testcase classname="mortgagejournytestfiles.AvailMortgage" name="new_property_purchase_journy_case_16" time="0.0">
    <ignored/>
  </testcase> <!-- new_property_purchase_journy_case_16 -->
  <testcase classname="mortgagejournytestfiles.AvailMortgage" name="new_property_purchase_journy_case_15" time="0.0">
    <ignored/>
  </testcase> <!-- new_property_purchase_journy_case_15 -->
  <testcase classname="mortgagejournytestfiles.AvailMortgage" name="new_property_purchase_case_2" time="0.0">
    <ignored/>
  </testcase> <!-- new_property_purchase_case_2 -->
  <testcase classname="mortgagejournytestfiles.AvailMortgage" name="new_property_purchase_case_3" time="0.0">
    <ignored/>
  </testcase> <!-- new_property_purchase_case_3 -->
  <testcase classname="mortgagejournytestfiles.AvailMortgage" name="new_property_purchase_case_9" time="0.0">
    <ignored/>
  </testcase> <!-- new_property_purchase_case_9 -->
  <testcase classname="mortgagejournytestfiles.AvailMortgage" name="new_property_purchase_case_6" time="0.0">
    <ignored/>
  </testcase> <!-- new_property_purchase_case_6 -->
  <testcase classname="mortgagejournytestfiles.AvailMortgage" name="new_property_purchase_case_7" time="0.0">
    <ignored/>
  </testcase> <!-- new_property_purchase_case_7 -->
  <testcase classname="mortgagejournytestfiles.AvailMortgage" name="new_property_purchase_case_4" time="0.0">
    <ignored/>
  </testcase> <!-- new_property_purchase_case_4 -->
  <testcase classname="mortgagejournytestfiles.AvailMortgage" name="new_property_purchase_journy_case_12" time="0.0">
    <ignored/>
  </testcase> <!-- new_property_purchase_journy_case_12 -->
  <testcase classname="mortgagejournytestfiles.AvailMortgage" name="new_property_purchase_case_8" time="0.0">
    <ignored/>
  </testcase> <!-- new_property_purchase_case_8 -->
  <testcase classname="mortgagejournytestfiles.AvailMortgage" name="new_property_purchase_case_5" time="0.0">
    <ignored/>
  </testcase> <!-- new_property_purchase_case_5 -->
  <testcase classname="mortgagejournytestfiles.AvailMortgage" name="existing_mortgage_journy_case_1" time="0.0">
    <ignored/>
  </testcase> <!-- existing_mortgage_journy_case_1 -->
  <testcase classname="mortgagejournytestfiles.AvailMortgage" name="new_property_purchase_journy_case_10" time="0.0">
    <ignored/>
  </testcase> <!-- new_property_purchase_journy_case_10 -->
  <testcase classname="mortgagejournytestfiles.AvailMortgage" name="existing_mortgage_journy_case_2" time="0.0">
    <ignored/>
  </testcase> <!-- existing_mortgage_journy_case_2 -->
</testsuite> <!-- Test -->
